This is pdfTeX, Version 3.14159265-2.6-1.40.18 (TeX Live 2017/W32TeX) (preloaded format=pdflatex 2017.9.8)  28 MAR 2018 11:36
entering extended mode
 restricted \write18 enabled.
 %&-line parsing enabled.
**./thesis.tex
(./thesis.tex
LaTeX2e <2017-04-15>
Babel <3.12> and hyphenation patterns for 84 language(s) loaded.
(./puthesis.cls
Document Class: puthesis 2017/03/06 Purdue thesis class, version 1.9.23
(c:/texlive/2017/texmf-dist/tex/latex/base/ifthen.sty
Package: ifthen 2014/09/29 v1.1c Standard LaTeX ifthen package (DPC)
)
(c:/texlive/2017/texmf-dist/tex/latex/endnotes/endnotes.sty
\c@endnote=\count79
\endnotesep=\dimen102
\@enotes=\write3
) (./pulongtable.sty
Package: pulongtable 2004/02/01 v4.11 Multi-page Table package (DPC)
\LTleft=\skip41
\LTright=\skip42
\LTpre=\skip43
\LTpost=\skip44
\LTchunksize=\count80
\LTcapwidth=\dimen103
\LT@head=\box26
\LT@firsthead=\box27
\LT@foot=\box28
\LT@lastfoot=\box29
\LT@cols=\count81
\LT@rows=\count82
\c@LT@tables=\count83
\c@LT@chunks=\count84
\LT@p@ftn=\toks14
) (c:/texlive/2017/texmf-dist/tex/latex/graphics/rotating.sty
Package: rotating 2016/08/11 v2.16d rotated objects in LaTeX

(c:/texlive/2017/texmf-dist/tex/latex/graphics/graphicx.sty
Package: graphicx 2017/06/01 v1.1a Enhanced LaTeX Graphics (DPC,SPQR)

(c:/texlive/2017/texmf-dist/tex/latex/graphics/keyval.sty
Package: keyval 2014/10/28 v1.15 key=value parser (DPC)
\KV@toks@=\toks15
)
(c:/texlive/2017/texmf-dist/tex/latex/graphics/graphics.sty
Package: graphics 2017/06/25 v1.2c Standard LaTeX Graphics (DPC,SPQR)

(c:/texlive/2017/texmf-dist/tex/latex/graphics/trig.sty
Package: trig 2016/01/03 v1.10 sin cos tan (DPC)
)
(c:/texlive/2017/texmf-dist/tex/latex/graphics-cfg/graphics.cfg
File: graphics.cfg 2016/06/04 v1.11 sample graphics configuration
)
Package graphics Info: Driver file: pdftex.def on input line 99.

(c:/texlive/2017/texmf-dist/tex/latex/graphics-def/pdftex.def
File: pdftex.def 2017/06/24 v1.0g Graphics/color driver for pdftex
))
\Gin@req@height=\dimen104
\Gin@req@width=\dimen105
)
\c@r@tfl@t=\count85
\rotFPtop=\skip45
\rotFPbot=\skip46
\rot@float@box=\box30
\rot@mess@toks=\toks16
)
(c:/texlive/2017/texmf-dist/tex/latex/graphics/lscape.sty
Package: lscape 2000/10/22 v3.01 Landscape Pages (DPC)
)
(c:/texlive/2017/texmf-dist/tex/latex/geometry/geometry.sty
Package: geometry 2010/09/12 v5.6 Page Geometry

(c:/texlive/2017/texmf-dist/tex/generic/oberdiek/ifpdf.sty
Package: ifpdf 2017/03/15 v3.2 Provides the ifpdf switch
)
(c:/texlive/2017/texmf-dist/tex/generic/oberdiek/ifvtex.sty
Package: ifvtex 2016/05/16 v1.6 Detect VTeX and its facilities (HO)
Package ifvtex Info: VTeX not detected.
)
(c:/texlive/2017/texmf-dist/tex/generic/ifxetex/ifxetex.sty
Package: ifxetex 2010/09/12 v0.6 Provides ifxetex conditional
)
\Gm@cnth=\count86
\Gm@cntv=\count87
\c@Gm@tempcnt=\count88
\Gm@bindingoffset=\dimen106
\Gm@wd@mp=\dimen107
\Gm@odd@mp=\dimen108
\Gm@even@mp=\dimen109
\Gm@layoutwidth=\dimen110
\Gm@layoutheight=\dimen111
\Gm@layouthoffset=\dimen112
\Gm@layoutvoffset=\dimen113
\Gm@dimlist=\toks17
)
\@@i=\count89
\c@@@tcount=\count90
\c@@@volume=\count91
\c@last@@volume=\count92
\c@save@@page=\count93
\@@captionwidth=\skip47
\@@parindent=\skip48
\@@padding=\skip49
\@@tlength=\skip50
\@@ulength=\skip51

(c:/texlive/2017/texmf-dist/tex/latex/base/report.cls
Document Class: report 2014/09/29 v1.4h Standard LaTeX document class
(c:/texlive/2017/texmf-dist/tex/latex/base/size12.clo
File: size12.clo 2014/09/29 v1.4h Standard LaTeX file (size option)
)
\c@part=\count94
\c@chapter=\count95
\c@section=\count96
\c@subsection=\count97
\c@subsubsection=\count98
\c@paragraph=\count99
\c@subparagraph=\count100
\c@figure=\count101
\c@table=\count102
\abovecaptionskip=\skip52
\belowcaptionskip=\skip53
\bibindent=\dimen114
)
\c@definition=\count103
\c@observation=\count104
\proofbox=\box31
\c@Proof=\count105
\c@proposition=\count106
\c@theorem=\count107

(c:/texlive/2017/texmf-dist/tex/latex/cite/cite.sty
LaTeX Info: Redefining \cite on input line 302.
LaTeX Info: Redefining \nocite on input line 332.
Package: cite 2015/02/27  v 5.5
))
(c:/texlive/2017/texmf-dist/tex/latex/amsmath/amsmath.sty
Package: amsmath 2016/11/05 v2.16a AMS math features
\@mathmargin=\skip54

For additional information on amsmath, use the `?' option.
(c:/texlive/2017/texmf-dist/tex/latex/amsmath/amstext.sty
Package: amstext 2000/06/29 v2.01 AMS text

(c:/texlive/2017/texmf-dist/tex/latex/amsmath/amsgen.sty
File: amsgen.sty 1999/11/30 v2.0 generic functions
\@emptytoks=\toks18
\ex@=\dimen115
))
(c:/texlive/2017/texmf-dist/tex/latex/amsmath/amsbsy.sty
Package: amsbsy 1999/11/29 v1.2d Bold Symbols
\pmbraise@=\dimen116
)
(c:/texlive/2017/texmf-dist/tex/latex/amsmath/amsopn.sty
Package: amsopn 2016/03/08 v2.02 operator names
)
\inf@bad=\count108
LaTeX Info: Redefining \frac on input line 213.
\uproot@=\count109
\leftroot@=\count110
LaTeX Info: Redefining \overline on input line 375.
\classnum@=\count111
\DOTSCASE@=\count112
LaTeX Info: Redefining \ldots on input line 472.
LaTeX Info: Redefining \dots on input line 475.
LaTeX Info: Redefining \cdots on input line 596.
\Mathstrutbox@=\box32
\strutbox@=\box33
\big@size=\dimen117
LaTeX Font Info:    Redeclaring font encoding OML on input line 712.
LaTeX Font Info:    Redeclaring font encoding OMS on input line 713.
\macc@depth=\count113
\c@MaxMatrixCols=\count114
\dotsspace@=\muskip10
\c@parentequation=\count115
\dspbrk@lvl=\count116
\tag@help=\toks19
\row@=\count117
\column@=\count118
\maxfields@=\count119
\andhelp@=\toks20
\eqnshift@=\dimen118
\alignsep@=\dimen119
\tagshift@=\dimen120
\tagwidth@=\dimen121
\totwidth@=\dimen122
\lineht@=\dimen123
\@envbody=\toks21
\multlinegap=\skip55
\multlinetaggap=\skip56
\mathdisplay@stack=\toks22
LaTeX Info: Redefining \[ on input line 2817.
LaTeX Info: Redefining \] on input line 2818.
)
(c:/texlive/2017/texmf-dist/tex/latex/tools/multicol.sty
Package: multicol 2017/04/11 v1.8q multicolumn formatting (FMi)
\c@tracingmulticols=\count120
\mult@box=\box34
\multicol@leftmargin=\dimen124
\c@unbalance=\count121
\c@collectmore=\count122
\doublecol@number=\count123
\multicoltolerance=\count124
\multicolpretolerance=\count125
\full@width=\dimen125
\page@free=\dimen126
\premulticols=\dimen127
\postmulticols=\dimen128
\multicolsep=\skip57
\multicolbaselineskip=\skip58
\partial@page=\box35
\last@line=\box36
\maxbalancingoverflow=\dimen129
\mult@rightbox=\box37
\mult@grightbox=\box38
\mult@gfirstbox=\box39
\mult@firstbox=\box40
\@tempa=\box41
\@tempa=\box42
\@tempa=\box43
\@tempa=\box44
\@tempa=\box45
\@tempa=\box46
\@tempa=\box47
\@tempa=\box48
\@tempa=\box49
\@tempa=\box50
\@tempa=\box51
\@tempa=\box52
\@tempa=\box53
\@tempa=\box54
\@tempa=\box55
\@tempa=\box56
\@tempa=\box57
\c@columnbadness=\count126
\c@finalcolumnbadness=\count127
\last@try=\dimen130
\multicolovershoot=\dimen131
\multicolundershoot=\dimen132
\mult@nat@firstbox=\box58
\colbreak@box=\box59
\mc@col@check@num=\count128
)
(c:/texlive/2017/texmf-dist/tex/latex/subfigure/subfigure.sty
Package: subfigure 2002/03/15 v2.1.5 subfigure package
\subfigtopskip=\skip59
\subfigcapskip=\skip60
\subfigcaptopadj=\dimen133
\subfigbottomskip=\skip61
\subfigcapmargin=\dimen134
\subfiglabelskip=\skip62
\c@subfigure=\count129
\c@lofdepth=\count130
\c@subtable=\count131
\c@lotdepth=\count132

****************************************
* Local config file subfigure.cfg used *
****************************************
(c:/texlive/2017/texmf-dist/tex/latex/subfigure/subfigure.cfg)
\subfig@top=\skip63
\subfig@bottom=\skip64
) (./mydefs.tex
\MyI=\count133
)
No file thesis.aux.
\openout1 = `thesis.aux'.

LaTeX Font Info:    Checking defaults for OML/cmm/m/it on input line 160.
LaTeX Font Info:    ... okay on input line 160.
LaTeX Font Info:    Checking defaults for T1/cmr/m/n on input line 160.
LaTeX Font Info:    ... okay on input line 160.
LaTeX Font Info:    Checking defaults for OT1/cmr/m/n on input line 160.
LaTeX Font Info:    ... okay on input line 160.
LaTeX Font Info:    Checking defaults for OMS/cmsy/m/n on input line 160.
LaTeX Font Info:    ... okay on input line 160.
LaTeX Font Info:    Checking defaults for OMX/cmex/m/n on input line 160.
LaTeX Font Info:    ... okay on input line 160.
LaTeX Font Info:    Checking defaults for U/cmr/m/n on input line 160.
LaTeX Font Info:    ... okay on input line 160.
(c:/texlive/2017/texmf-dist/tex/context/base/mkii/supp-pdf.mkii
[Loading MPS to PDF converter (version 2006.09.02).]
\scratchcounter=\count134
\scratchdimen=\dimen135
\scratchbox=\box60
\nofMPsegments=\count135
\nofMParguments=\count136
\everyMPshowfont=\toks23
\MPscratchCnt=\count137
\MPscratchDim=\dimen136
\MPnumerator=\count138
\makeMPintoPDFobject=\count139
\everyMPtoPDFconversion=\toks24
) (c:/texlive/2017/texmf-dist/tex/latex/oberdiek/epstopdf-base.sty
Package: epstopdf-base 2016/05/15 v2.6 Base part for package epstopdf

(c:/texlive/2017/texmf-dist/tex/generic/oberdiek/infwarerr.sty
Package: infwarerr 2016/05/16 v1.4 Providing info/warning/error messages (HO)
)
(c:/texlive/2017/texmf-dist/tex/latex/oberdiek/grfext.sty
Package: grfext 2016/05/16 v1.2 Manage graphics extensions (HO)

(c:/texlive/2017/texmf-dist/tex/generic/oberdiek/kvdefinekeys.sty
Package: kvdefinekeys 2016/05/16 v1.4 Define keys (HO)

(c:/texlive/2017/texmf-dist/tex/generic/oberdiek/ltxcmds.sty
Package: ltxcmds 2016/05/16 v1.23 LaTeX kernel commands for general use (HO)
)))
(c:/texlive/2017/texmf-dist/tex/latex/oberdiek/kvoptions.sty
Package: kvoptions 2016/05/16 v3.12 Key value format for package options (HO)

(c:/texlive/2017/texmf-dist/tex/generic/oberdiek/kvsetkeys.sty
Package: kvsetkeys 2016/05/16 v1.17 Key value parser (HO)

(c:/texlive/2017/texmf-dist/tex/generic/oberdiek/etexcmds.sty
Package: etexcmds 2016/05/16 v1.6 Avoid name clashes with e-TeX commands (HO)

(c:/texlive/2017/texmf-dist/tex/generic/oberdiek/ifluatex.sty
Package: ifluatex 2016/05/16 v1.4 Provides the ifluatex switch (HO)
Package ifluatex Info: LuaTeX not detected.
)
Package etexcmds Info: Could not find \expanded.
(etexcmds)             That can mean that you are not using pdfTeX 1.50 or
(etexcmds)             that some package has redefined \expanded.
(etexcmds)             In the latter case, load this package earlier.
)))
(c:/texlive/2017/texmf-dist/tex/generic/oberdiek/pdftexcmds.sty
Package: pdftexcmds 2017/03/19 v0.25 Utility functions of pdfTeX for LuaTeX (HO
)
Package pdftexcmds Info: LuaTeX not detected.
Package pdftexcmds Info: \pdf@primitive is available.
Package pdftexcmds Info: \pdf@ifprimitive is available.
Package pdftexcmds Info: \pdfdraftmode found.
)
Package epstopdf-base Info: Redefining graphics rule for `.eps' on input line 4
38.
Package grfext Info: Graphics extension search list:
(grfext)             [.pdf,.png,.jpg,.mps,.jpeg,.jbig2,.jb2,.PDF,.PNG,.JPG,.JPE
G,.JBIG2,.JB2,.eps]
(grfext)             \AppendGraphicsExtensions on input line 456.

(c:/texlive/2017/texmf-dist/tex/latex/latexconfig/epstopdf-sys.cfg
File: epstopdf-sys.cfg 2010/07/13 v1.3 Configuration of (r)epstopdf for TeX Liv
e
))
*geometry* driver: auto-detecting
*geometry* detected driver: pdftex
*geometry* verbose mode - [ preamble ] result:
* driver: pdftex
* paper: letterpaper
* layout: <same size as paper>
* layoutoffset:(h,v)=(0.0pt,0.0pt)
* modes: twoside 
* h-part:(L,W,R)=(92.14519pt, 430.00462pt, 92.14519pt)
* v-part:(T,H,B)=(95.39737pt, 556.47656pt, 143.09605pt)
* \paperwidth=614.295pt
* \paperheight=794.96999pt
* \textwidth=433.62pt
* \textheight=632.36249pt
* \oddsidemargin=36.135pt
* \evensidemargin=36.135pt
* \topmargin=-32.61171pt
* \headheight=7.96431pt
* \headsep=23.65382pt
* \topskip=12.0pt
* \footskip=30.0pt
* \marginparwidth=95.0pt
* \marginparsep=10.0pt
* \columnsep=10.0pt
* \skip\footins=10.8pt plus 4.0pt minus 2.0pt
* \hoffset=0.0pt
* \voffset=0.0pt
* \mag=1000
* \@twocolumnfalse
* \@twosidetrue
* \@mparswitchtrue
* \@reversemarginfalse
* (1in=72.27pt=25.4mm, 1cm=28.453pt)

(c:/texlive/2017/texmf-dist/tex/latex/notoccite/notoccite.sty
Package: notoccite 2000/07/20
) [1

{c:/texlive/2017/texmf-var/fonts/map/pdftex/updmap/pdftex.map}]
\openout2 = `front.aux'.

 (./front.tex [2


] [3] [4

]
[5

]
No file thesis.toc.
\tf@toc=\write4
\openout4 = `thesis.toc'.

[6

]
No file thesis.lot.
\tf@lot=\write5
\openout5 = `thesis.lot'.

[7

]
No file thesis.lof.
\tf@lof=\write6
\openout6 = `thesis.lof'.

[8

]
Underfull \hbox (badness 10000) in alignment at lines 84--87
 [] []
 []

[9

]
Underfull \hbox (badness 10000) in alignment at lines 91--95
 [] []
 []

[10

]
Underfull \hbox (badness 10000) in alignment at lines 99--102
 [] []
 []

[11

]
Underfull \hbox (badness 10000) in alignment at lines 106--109
 [] []
 []

[12

]) [13

]
\openout2 = `introduction.aux'.

 (./introduction.tex
Chapter 1.
) [1



]
\openout2 = `summary.aux'.

 (./summary.tex
Chapter 2.
) [2



]
\openout2 = `recommendations.aux'.

 (./recommendations.tex
Chapter 3.
) [3



]
\openout2 = `bibliography.aux'.

 (./bibliography.tex
No file thesis.bbl.
) [4




]
\openout2 = `demo-citations.aux'.

 (./demo-citations.tex
Appendix A.

LaTeX Warning: Citation `Lamport:1994' on page 4 undefined on input line 32.


LaTeX Warning: Citation `Goossens:1994' on page 4 undefined on input line 35.


LaTeX Warning: Citation `Kopka:1999' on page 4 undefined on input line 38.


LaTeX Warning: Citation `Kopka:1999' on page 4 undefined on input line 40.


LaTeX Warning: Citation `Kopka:1995' on page 4 undefined on input line 42.

) [4


]
\openout2 = `demo-figures.aux'.

 (./demo-figures.tex
Appendix B.

LaTeX Warning: Reference `fi:not-centered' on page 5 undefined on input line 34
.


LaTeX Warning: Reference `sf:four-parts-c' on page 5 undefined on input line 35
.

Package epstopdf Info: Source file: <plot.eps>
(epstopdf)                    date: 2011-09-02 10:28:11
(epstopdf)                    size: 7362 bytes
(epstopdf)             Output file: <plot-eps-converted-to.pdf>
(epstopdf)             Command: <repstopdf --outfile=plot-eps-converted-to.pdf 
plot.eps>
(epstopdf)             \includegraphics on input line 40.
runsystem(repstopdf --outfile=plot-eps-converted-to.pdf plot.eps)...executed sa
fely (allowed).

Package epstopdf Info: Result file: <plot-eps-converted-to.pdf>
(epstopdf)                    date: 2018-03-28 11:36:59
(epstopdf)                    size: 5050 bytes.
<plot-eps-converted-to.pdf, id=64, pagebox=cropbox, 289.08pt x 178.6675pt>
File: plot-eps-converted-to.pdf Graphic file (type pdf)
<use plot-eps-converted-to.pdf>
Package pdftex.def Info: plot-eps-converted-to.pdf  used on input line 40. on i
nput line 40.
Package pdftex.def Info: Requested size: 289.07928pt x 178.66705pt on input lin
e 40.
Package epstopdf Info: Source file: <plot.eps>
(epstopdf)                    date: 2011-09-02 10:28:11
(epstopdf)                    size: 7362 bytes
(epstopdf)             Output file: <plot-eps-converted-to.pdf>
(epstopdf)                    date: 2018-03-28 11:36:59
(epstopdf)                    size: 5050 bytes
(epstopdf)             Command: <repstopdf --outfile=plot-eps-converted-to.pdf 
plot.eps>
(epstopdf)             \includegraphics on input line 52.
Package epstopdf Info: Output file is already uptodate.
File: plot-eps-converted-to.pdf Graphic file (type pdf)
<use plot-eps-converted-to.pdf>
Package pdftex.def Info: plot-eps-converted-to.pdf  used on input line 52. on i
nput line 52.
Package pdftex.def Info: Requested size: 289.07928pt x 178.66705pt on input lin
e 52.
[5



 <./plot-eps-converted-to.pdf>]
Package epstopdf Info: Source file: <plot.eps>
(epstopdf)                    date: 2011-09-02 10:28:11
(epstopdf)                    size: 7362 bytes
(epstopdf)             Output file: <plot-eps-converted-to.pdf>
(epstopdf)                    date: 2018-03-28 11:36:59
(epstopdf)                    size: 5050 bytes
(epstopdf)             Command: <repstopdf --outfile=plot-eps-converted-to.pdf 
plot.eps>
(epstopdf)             \includegraphics on input line 61.
Package epstopdf Info: Output file is already uptodate.
File: plot-eps-converted-to.pdf Graphic file (type pdf)
<use plot-eps-converted-to.pdf>
Package pdftex.def Info: plot-eps-converted-to.pdf  used on input line 61. on i
nput line 61.
Package pdftex.def Info: Requested size: 289.07928pt x 178.66705pt on input lin
e 61.


LaTeX Warning: `h' float specifier changed to `ht'.

Package epstopdf Info: Source file: <plot.eps>
(epstopdf)                    date: 2011-09-02 10:28:11
(epstopdf)                    size: 7362 bytes
(epstopdf)             Output file: <plot-eps-converted-to.pdf>
(epstopdf)                    date: 2018-03-28 11:36:59
(epstopdf)                    size: 5050 bytes
(epstopdf)             Command: <repstopdf --outfile=plot-eps-converted-to.pdf 
plot.eps>
(epstopdf)             \includegraphics on input line 70.
Package epstopdf Info: Output file is already uptodate.
File: plot-eps-converted-to.pdf Graphic file (type pdf)
<use plot-eps-converted-to.pdf>
Package pdftex.def Info: plot-eps-converted-to.pdf  used on input line 70. on i
nput line 70.
Package pdftex.def Info: Requested size: 130.08731pt x 80.39963pt on input line
 70.
Package epstopdf Info: Source file: <plot.eps>
(epstopdf)                    date: 2011-09-02 10:28:11
(epstopdf)                    size: 7362 bytes
(epstopdf)             Output file: <plot-eps-converted-to.pdf>
(epstopdf)                    date: 2018-03-28 11:36:59
(epstopdf)                    size: 5050 bytes
(epstopdf)             Command: <repstopdf --outfile=plot-eps-converted-to.pdf 
plot.eps>
(epstopdf)             \includegraphics on input line 72.
Package epstopdf Info: Output file is already uptodate.
File: plot-eps-converted-to.pdf Graphic file (type pdf)
<use plot-eps-converted-to.pdf>
Package pdftex.def Info: plot-eps-converted-to.pdf  used on input line 72. on i
nput line 72.
Package pdftex.def Info: Requested size: 130.08731pt x 80.39963pt on input line
 72.

LaTeX Warning: `h' float specifier changed to `ht'.

Package epstopdf Info: Source file: <plot.eps>
(epstopdf)                    date: 2011-09-02 10:28:11
(epstopdf)                    size: 7362 bytes
(epstopdf)             Output file: <plot-eps-converted-to.pdf>
(epstopdf)                    date: 2018-03-28 11:36:59
(epstopdf)                    size: 5050 bytes
(epstopdf)             Command: <repstopdf --outfile=plot-eps-converted-to.pdf 
plot.eps>
(epstopdf)             \includegraphics on input line 81.
Package epstopdf Info: Output file is already uptodate.
File: plot-eps-converted-to.pdf Graphic file (type pdf)
<use plot-eps-converted-to.pdf>
Package pdftex.def Info: plot-eps-converted-to.pdf  used on input line 81. on i
nput line 81.
Package pdftex.def Info: Requested size: 130.08731pt x 80.39963pt on input line
 81.
Package epstopdf Info: Source file: <plot.eps>
(epstopdf)                    date: 2011-09-02 10:28:11
(epstopdf)                    size: 7362 bytes
(epstopdf)             Output file: <plot-eps-converted-to.pdf>
(epstopdf)                    date: 2018-03-28 11:36:59
(epstopdf)                    size: 5050 bytes
(epstopdf)             Command: <repstopdf --outfile=plot-eps-converted-to.pdf 
plot.eps>
(epstopdf)             \includegraphics on input line 83.
Package epstopdf Info: Output file is already uptodate.
File: plot-eps-converted-to.pdf Graphic file (type pdf)
<use plot-eps-converted-to.pdf>
Package pdftex.def Info: plot-eps-converted-to.pdf  used on input line 83. on i
nput line 83.
Package pdftex.def Info: Requested size: 130.08731pt x 80.39963pt on input line
 83.
Package epstopdf Info: Source file: <plot.eps>
(epstopdf)                    date: 2011-09-02 10:28:11
(epstopdf)                    size: 7362 bytes
(epstopdf)             Output file: <plot-eps-converted-to.pdf>
(epstopdf)                    date: 2018-03-28 11:36:59
(epstopdf)                    size: 5050 bytes
(epstopdf)             Command: <repstopdf --outfile=plot-eps-converted-to.pdf 
plot.eps>
(epstopdf)             \includegraphics on input line 84.
Package epstopdf Info: Output file is already uptodate.
File: plot-eps-converted-to.pdf Graphic file (type pdf)
<use plot-eps-converted-to.pdf>
Package pdftex.def Info: plot-eps-converted-to.pdf  used on input line 84. on i
nput line 84.
Package pdftex.def Info: Requested size: 130.08731pt x 80.39963pt on input line
 84.
Package epstopdf Info: Source file: <plot.eps>
(epstopdf)                    date: 2011-09-02 10:28:11
(epstopdf)                    size: 7362 bytes
(epstopdf)             Output file: <plot-eps-converted-to.pdf>
(epstopdf)                    date: 2018-03-28 11:36:59
(epstopdf)                    size: 5050 bytes
(epstopdf)             Command: <repstopdf --outfile=plot-eps-converted-to.pdf 
plot.eps>
(epstopdf)             \includegraphics on input line 86.
Package epstopdf Info: Output file is already uptodate.
File: plot-eps-converted-to.pdf Graphic file (type pdf)
<use plot-eps-converted-to.pdf>
Package pdftex.def Info: plot-eps-converted-to.pdf  used on input line 86. on i
nput line 86.
Package pdftex.def Info: Requested size: 130.08731pt x 80.39963pt on input line
 86.

LaTeX Warning: `h' float specifier changed to `ht'.

) [6] [7] [8]
\openout2 = `demo-mathematics.aux'.

 (./demo-mathematics.tex
Appendix C.
[9



] [10]) [11]
\openout2 = `demo-multicols.aux'.

 (./demo-multicols.tex
Appendix D.

Underfull \hbox (badness 10000) in paragraph at lines 27--28
[]\OT1/cmr/m/n/12 This is three
 []


Underfull \hbox (badness 10000) in paragraph at lines 31--32
\OT1/cmr/m/n/12 This is four
 []


Underfull \hbox (badness 10000) in paragraph at lines 31--32
\OT1/cmr/m/n/12 This is four
 []


Underfull \hbox (badness 10000) in paragraph at lines 31--32
\OT1/cmr/m/n/12 This is four
 []


Underfull \hbox (badness 10000) in paragraph at lines 31--32
\OT1/cmr/m/n/12 This is four
 []


Underfull \hbox (badness 10000) in paragraph at lines 31--32
\OT1/cmr/m/n/12 This is four
 []


Underfull \hbox (badness 10000) in paragraph at lines 31--32
\OT1/cmr/m/n/12 This is four
 []


Underfull \hbox (badness 10000) in paragraph at lines 31--32
\OT1/cmr/m/n/12 This is four
 []


Underfull \hbox (badness 10000) in paragraph at lines 31--32
\OT1/cmr/m/n/12 This is four
 []


Underfull \hbox (badness 10000) in paragraph at lines 31--32
\OT1/cmr/m/n/12 This is four
 []


Underfull \hbox (badness 10000) in paragraph at lines 31--32
\OT1/cmr/m/n/12 This is four
 []


Underfull \hbox (badness 10000) in paragraph at lines 31--32
\OT1/cmr/m/n/12 This is four
 []


Underfull \hbox (badness 10000) in paragraph at lines 31--32
\OT1/cmr/m/n/12 This is four
 []

[12



]
Underfull \hbox (badness 10000) in paragraph at lines 35--36
[]\OT1/cmr/m/n/12 This
 []


Underfull \hbox (badness 10000) in paragraph at lines 35--36
\OT1/cmr/m/n/12 is five
 []


Underfull \hbox (badness 10000) in paragraph at lines 35--36
\OT1/cmr/m/n/12 columns.
 []


Underfull \hbox (badness 10000) in paragraph at lines 35--36
\OT1/cmr/m/n/12 columns.
 []


Underfull \hbox (badness 10000) in paragraph at lines 35--36
\OT1/cmr/m/n/12 columns.
 []


Underfull \hbox (badness 10000) in paragraph at lines 35--36
\OT1/cmr/m/n/12 columns.
 []


Underfull \hbox (badness 10000) in paragraph at lines 35--36
\OT1/cmr/m/n/12 columns.
 []


Underfull \hbox (badness 10000) in paragraph at lines 35--36
\OT1/cmr/m/n/12 columns.
 []


Underfull \hbox (badness 10000) in paragraph at lines 35--36
\OT1/cmr/m/n/12 columns.
 []


Underfull \hbox (badness 10000) in paragraph at lines 35--36
\OT1/cmr/m/n/12 columns.
 []


Underfull \hbox (badness 10000) in paragraph at lines 35--36
\OT1/cmr/m/n/12 columns.
 []


Underfull \hbox (badness 10000) in paragraph at lines 35--36
\OT1/cmr/m/n/12 columns.
 []


Underfull \hbox (badness 10000) in paragraph at lines 35--36
\OT1/cmr/m/n/12 columns.
 []


Underfull \hbox (badness 10000) in paragraph at lines 35--36
\OT1/cmr/m/n/12 columns.
 []


Underfull \hbox (badness 10000) in paragraph at lines 35--36
\OT1/cmr/m/n/12 columns.
 []


Underfull \hbox (badness 10000) in paragraph at lines 35--36
\OT1/cmr/m/n/12 columns.
 []


Underfull \hbox (badness 10000) in paragraph at lines 35--36
\OT1/cmr/m/n/12 columns.
 []


Underfull \hbox (badness 10000) in paragraph at lines 35--36
\OT1/cmr/m/n/12 columns.
 []


Underfull \hbox (badness 10000) in paragraph at lines 35--36
\OT1/cmr/m/n/12 columns.
 []


Underfull \hbox (badness 10000) in paragraph at lines 35--36
\OT1/cmr/m/n/12 columns.
 []


Underfull \hbox (badness 10000) in paragraph at lines 35--36
\OT1/cmr/m/n/12 columns.
 []


Underfull \hbox (badness 10000) in paragraph at lines 35--36
\OT1/cmr/m/n/12 columns.
 []


Underfull \hbox (badness 10000) in paragraph at lines 35--36
\OT1/cmr/m/n/12 columns.
 []


Underfull \hbox (badness 10000) in paragraph at lines 35--36
\OT1/cmr/m/n/12 columns.
 []


Underfull \hbox (badness 10000) in paragraph at lines 35--36
\OT1/cmr/m/n/12 columns.
 []


Underfull \hbox (badness 10000) in paragraph at lines 35--36
\OT1/cmr/m/n/12 columns.
 []

) [13]
\openout2 = `demo-tables.aux'.

 (./demo-tables.tex
Appendix E.
[14



] [15]

Package longtable Warning: Column widths have changed
(longtable)                in table E.6 on input line 269.

[16]
\twidth=\skip65
\theight=\skip66
) [17] [18] [19]
\openout2 = `demo-text.aux'.

 (./demo-text.tex
Appendix F.

Overfull \hbox (60.38025pt too wide) in paragraph at lines 65--65
[]\OT1/cmtt/m/n/12 From \verb+http://www.biblegateway.com/passage/?book_id=1&ch
apter=1&version=50+:[] 
 []


Overfull \hbox (12.90488pt too wide) in paragraph at lines 66--67
\OT1/cmr/m/n/12 From [][]\OT1/cmtt/m/n/12 http://www.biblegateway.com/passage/?
book_id=1&chapter=1&version=50[]\OT1/cmr/m/n/12 : 
 []

[20



]
Overfull \hbox (48.03024pt too wide) in paragraph at lines 102--102
[]        \OT1/cmtt/m/n/12 This sentence is to make the entry longer so you can
 see what happens.[] 
 []


Overfull \hbox (48.03024pt too wide) in paragraph at lines 102--102
[]        \OT1/cmtt/m/n/12 This sentence is to make the entry longer so you can
 see what happens.[] 
 []

[21]
Overfull \hbox (48.03024pt too wide) in paragraph at lines 128--128
[]        \OT1/cmtt/m/n/12 This sentence is to make the entry longer so you can
 see what happens.[] 
 []


Overfull \hbox (48.03024pt too wide) in paragraph at lines 128--128
[]        \OT1/cmtt/m/n/12 This sentence is to make the entry longer so you can
 see what happens.[] 
 []


Overfull \hbox (48.03024pt too wide) in paragraph at lines 152--152
[]        \OT1/cmtt/m/n/12 This sentence is to make the entry longer so you can
 see what happens.[] 
 []


Overfull \hbox (48.03024pt too wide) in paragraph at lines 152--152
[]        \OT1/cmtt/m/n/12 This sentence is to make the entry longer so you can
 see what happens.[] 
 []

LaTeX Font Info:    Try loading font information for OMS+cmr on input line 154.

(c:/texlive/2017/texmf-dist/tex/latex/base/omscmr.fd
File: omscmr.fd 2014/09/29 v2.5h Standard LaTeX font definitions
)
LaTeX Font Info:    Font shape `OMS/cmr/m/n' in size <12> not available
(Font)              Font shape `OMS/cmsy/m/n' tried instead on input line 154.
 [22]) [23]
\openout2 = `vita.aux'.

 (./vita.tex
[24



]) [24

]

Package longtable Warning: Table widths have changed. Rerun LaTeX.

(./thesis.aux (./front.aux) (./introduction.aux) (./summary.aux)
(./recommendations.aux) (./bibliography.aux) (./demo-citations.aux)
(./demo-figures.aux) (./demo-mathematics.aux) (./demo-multicols.aux)
(./demo-tables.aux) (./demo-text.aux) (./vita.aux))

LaTeX Warning: There were undefined references.


LaTeX Warning: Label(s) may have changed. Rerun to get cross-references right.

 ) 
Here is how much of TeX's memory you used:
 3565 strings out of 492990
 48154 string characters out of 6136335
 127310 words of memory out of 5000000
 7000 multiletter control sequences out of 15000+600000
 8478 words of font info for 31 fonts, out of 8000000 for 9000
 1141 hyphenation exceptions out of 8191
 41i,15n,27p,275b,326s stack positions out of 5000i,500n,10000p,200000b,80000s
<c:/texlive/2017/texmf-dist/fonts/type1/public/amsfonts/cm/cmbx12.pfb><c:/tex
live/2017/texmf-dist/fonts/type1/public/amsfonts/cm/cmex10.pfb><c:/texlive/2017
/texmf-dist/fonts/type1/public/amsfonts/cm/cmmi12.pfb><c:/texlive/2017/texmf-di
st/fonts/type1/public/amsfonts/cm/cmr10.pfb><c:/texlive/2017/texmf-dist/fonts/t
ype1/public/amsfonts/cm/cmr12.pfb><c:/texlive/2017/texmf-dist/fonts/type1/publi
c/amsfonts/cm/cmr8.pfb><c:/texlive/2017/texmf-dist/fonts/type1/public/amsfonts/
cm/cmsy10.pfb><c:/texlive/2017/texmf-dist/fonts/type1/public/amsfonts/cm/cmti12
.pfb><c:/texlive/2017/texmf-dist/fonts/type1/public/amsfonts/cm/cmtt12.pfb>
Output written on thesis.pdf (39 pages, 132886 bytes).
PDF statistics:
 174 PDF objects out of 1000 (max. 8388607)
 120 compressed objects within 2 object streams
 0 named destinations out of 1000 (max. 500000)
 6 words of extra memory for PDF output out of 10000 (max. 10000000)

